<?xml version="1.0" encoding="UTF-8"?>
<!-- Generated by org.testng.reporters.JUnitReportReporter -->
<testsuite hostname="DESKTOP-01Q6FFP" failures="0" tests="1" name="day03.CookiesDemo" time="3.753" errors="0" timestamp="2024-04-04T00:50:39 IST" skipped="0">
  <testcase classname="day03.CookiesDemo" name="getCookiesInfo" time="3.753"/>
  <system-out/>
</testsuite> <!-- day03.CookiesDemo -->
