<?xml version="1.0" encoding="UTF-8"?>
<!-- Generated by org.testng.reporters.JUnitReportReporter -->
<testsuite hostname="DESKTOP-01Q6FFP" failures="0" tests="1" name="runner.Runner" time="35.033" errors="0" timestamp="2024-04-02T23:59:00 IST" skipped="0">
  <testcase classname="runner.Runner" name="runScenario" time="35.033"/>
  <system-out/>
</testsuite> <!-- runner.Runner -->
