<?xml version="1.0" encoding="UTF-8"?>
<!-- Generated by org.testng.reporters.JUnitReportReporter -->
<testsuite hostname="DESKTOP-01Q6FFP" failures="0" tests="4" name="day01.HTTPRequests" time="3.949" errors="0" timestamp="2024-04-03T20:12:33 IST" skipped="0">
  <testcase classname="day01.HTTPRequests" name="getUsers" time="2.678"/>
  <system-out/>
  <testcase classname="day01.HTTPRequests" name="addUser" time="0.512"/>
  <system-out/>
  <testcase classname="day01.HTTPRequests" name="updateUser" time="0.385"/>
  <system-out/>
  <testcase classname="day01.HTTPRequests" name="deleteUser" time="0.374"/>
  <system-out/>
</testsuite> <!-- day01.HTTPRequests -->
