<?xml version="1.0" encoding="UTF-8"?>
<!-- Generated by org.testng.reporters.JUnitReportReporter -->
<testsuite hostname="DESKTOP-01Q6FFP" failures="0" tests="1" name="runner.Runner" time="34.426" errors="0" timestamp="2024-04-03T00:12:42 IST" skipped="0">
  <testcase classname="runner.Runner" name="runScenario" time="34.426"/>
  <system-out/>
</testsuite> <!-- runner.Runner -->
